<?xml version="1.0" encoding="UTF-8"?>
<!-- Generated by org.testng.reporters.JUnitXMLReporter -->
<testsuite ignored="0" hostname="LAPTOP-6FSFGS2B" failures="0" tests="2" name="errorvalidation" time="0.074" errors="0" timestamp="2023-08-07T17:21:27 GMT-04:00">
  <testcase classname="karthicka.Aseleniumframework.ErrorvalidationTest" name="incorrectlogin" time="0.0">
    <skipped/>
  </testcase> <!-- incorrectlogin -->
  <testcase classname="karthicka.Aseleniumframework.ErrorvalidationTest" name="productmismatch" time="0.0">
    <skipped/>
  </testcase> <!-- productmismatch -->
</testsuite> <!-- errorvalidation -->
