<?xml version="1.0" encoding="UTF-8"?>
<!-- Generated by org.testng.reporters.JUnitXMLReporter -->
<testsuite ignored="0" hostname="LAPTOP-6FSFGS2B" failures="0" tests="2" name="errorvalidation" time="37.693" errors="0" timestamp="2023-08-07T22:02:12 GMT-04:00">
  <testcase classname="karthicka.Aseleniumframework.ErrorvalidationTest" name="incorrectlogin" time="0.699"/>
  <testcase classname="karthicka.Aseleniumframework.ErrorvalidationTest" name="productmismatch" time="21.175"/>
</testsuite> <!-- errorvalidation -->
