<?xml version="1.0" encoding="UTF-8"?>
<!-- Generated by org.testng.reporters.JUnitXMLReporter -->
<testsuite ignored="0" hostname="LAPTOP-6FSFGS2B" failures="0" tests="3" name="stabdalone" time="43.894" errors="0" timestamp="2023-08-07T22:02:18 GMT-04:00">
  <testcase classname="karthicka.Aseleniumframework.standalonetest" name="maintest" time="13.043"/>
  <testcase classname="karthicka.Aseleniumframework.standalonetest" name="maintest" time="12.936"/>
  <testcase classname="karthicka.Aseleniumframework.standalonetest" name="orderhistory" time="0.855"/>
</testsuite> <!-- stabdalone -->
