<?xml version="1.0" encoding="UTF-8"?>
<!-- Generated by org.testng.reporters.JUnitXMLReporter -->
<testsuite ignored="4" hostname="LAPTOP-6FSFGS2B" failures="0" tests="2" name="Test" time="37.459" errors="0" timestamp="2023-08-07T21:46:34 GMT-04:00">
  <testcase classname="karthicka.Aseleniumframework.standalonetest" name="maintest" time="13.467"/>
  <testcase classname="karthicka.Aseleniumframework.standalonetest" name="maintest" time="12.968"/>
  <testcase classname="karthicka.Aseleniumframework.standalonetest" name="orderhistory" time="0.0">
    <ignored/>
  </testcase> <!-- orderhistory -->
  <testcase classname="karthicka.Aseleniumframework.ErrorvalidationTest" name="incorrectlogin" time="0.0">
    <ignored/>
  </testcase> <!-- incorrectlogin -->
  <testcase classname="karthicka.Aseleniumframework.ErrorvalidationTest" name="productmismatch" time="0.0">
    <ignored/>
  </testcase> <!-- productmismatch -->
  <testcase classname="karthicka.Aseleniumframework.standalonetest1" name="maintest" time="0.0">
    <ignored/>
  </testcase> <!-- maintest -->
</testsuite> <!-- Test -->
